<!DOCTYPE html PUBLIC "-//W3C//DTD XHTML 1.1//EN" "https://www.w3.org/TR/xhtml11/DTD/xhtml11.dtd">
<html xmlns="https://www.w3.org/1999/xhtml">
<head>
<meta http-equiv="content-type" content="text/html; charset=UTF-8"/>
<title>TestNG Report</title>
<style type="text/css">table {margin-bottom:10px;border-collapse:collapse;empty-cells:show}th,td {border:1px solid #009;padding:.25em .5em}th {vertical-align:bottom}td {vertical-align:top}table a {font-weight:bold}.stripe td {background-color: #E6EBF9}.num {text-align:right}.passedodd td {background-color: #3F3}.passedeven td {background-color: #0A0}.skippedodd td {background-color: #DDD}.skippedeven td {background-color: #CCC}.failedodd td,.attn {background-color: #F33}.failedeven td,.stripe .attn {background-color: #D00}.stacktrace {white-space:pre;font-family:monospace}.totop {font-size:85%;text-align:center;border-bottom:2px solid #000}.invisible {display:none}</style>
</head>
<body>
<table>
<tr><th>Test</th><th># Passed</th><th># Skipped</th><th># Retried</th><th># Failed</th><th>Time (ms)</th><th>Included Groups</th><th>Excluded Groups</th></tr>
<tr><th colspan="8">SFSuite</th></tr>
<tr><td><a href="#t0">SFTest</a></td><td class="num">34</td><td class="num">0</td><td class="num">0</td><td class="num attn">4</td><td class="num">559,180</td><td></td><td></td></tr>
</table>
<table id='summary'><thead><tr><th>Class</th><th>Method</th><th>Start</th><th>Time (ms)</th></tr></thead><tbody><tr><th colspan="4">SFSuite</th></tr></tbody><tbody id="t0"><tr><th colspan="4">SFTest &#8212; failed</th></tr><tr class="failedeven"><td rowspan="1">com.Salesforce.automationscripts.SFAccountAutomationScripts</td><td><a href="#m0">TC14CreateAccountReport</a></td><td rowspan="1">1708566212089</td><td rowspan="1">9883</td></tr><tr class="failedodd"><td rowspan="1">com.Salesforce.automationscripts.SFContact</td><td><a href="#m1">TC31CancelButton</a></td><td rowspan="1">1708566279161</td><td rowspan="1">4722</td></tr><tr class="failedeven"><td rowspan="1">com.Salesforce.automationscripts.SFLeadsAutomationScripts</td><td><a href="#m2">TC22defaultView</a></td><td rowspan="1">1708566316103</td><td rowspan="1">4520</td></tr><tr class="failedodd"><td rowspan="1">com.Salesforce.automationscripts.SFRandomScenarios</td><td><a href="#m3">TC37</a></td><td rowspan="1">1708566534957</td><td rowspan="1">37536</td></tr><tr><th colspan="4">SFTest &#8212; passed</th></tr><tr class="passedeven"><td rowspan="5">com.Salesforce.automationscripts.SFAccountAutomationScripts</td><td><a href="#m4">TC10CreateAccount</a></td><td rowspan="1">1708566127546</td><td rowspan="1">12298</td></tr><tr class="passedeven"><td><a href="#m5">TC10CreateAccountTab</a></td><td rowspan="1">1708566142135</td><td rowspan="1">17016</td></tr><tr class="passedeven"><td><a href="#m6">TC11Createnewview</a></td><td rowspan="1">1708566162211</td><td rowspan="1">16513</td></tr><tr class="passedeven"><td><a href="#m7">TC12Editview</a></td><td rowspan="1">1708566181340</td><td rowspan="1">9638</td></tr><tr class="passedeven"><td><a href="#m8">TC13MergeAccounts</a></td><td rowspan="1">1708566193666</td><td rowspan="1">15827</td></tr><tr class="passedodd"><td rowspan="6">com.Salesforce.automationscripts.SFContact</td><td><a href="#m9">TC25CreateNewContact</a></td><td rowspan="1">1708566224531</td><td rowspan="1">11149</td></tr><tr class="passedodd"><td><a href="#m10">TC26CreateNewView</a></td><td rowspan="1">1708566238397</td><td rowspan="1">6756</td></tr><tr class="passedodd"><td><a href="#m11">TC28MyContacts</a></td><td rowspan="1">1708566247690</td><td rowspan="1">7109</td></tr><tr class="passedodd"><td><a href="#m12">TC29ViewContactPage</a></td><td rowspan="1">1708566257335</td><td rowspan="1">9083</td></tr><tr class="passedodd"><td><a href="#m13">TC30Errormsg</a></td><td rowspan="1">1708566269041</td><td rowspan="1">7744</td></tr><tr class="passedodd"><td><a href="#m14">TC32SaveNewButton</a></td><td rowspan="1">1708566287409</td><td rowspan="1">7890</td></tr><tr class="passedeven"><td rowspan="4">com.Salesforce.automationscripts.SFLeadsAutomationScripts</td><td><a href="#m15">TC20leadsTab</a></td><td rowspan="1">1708566297799</td><td rowspan="1">6294</td></tr><tr class="passedeven"><td><a href="#m16">TC21leadsSelectView</a></td><td rowspan="1">1708566306673</td><td rowspan="1">6871</td></tr><tr class="passedeven"><td><a href="#m17">TC23Leadviewcheck</a></td><td rowspan="1">1708566324186</td><td rowspan="1">8136</td></tr><tr class="passedeven"><td><a href="#m18">TC24LeadNewButton</a></td><td rowspan="1">1708566335054</td><td rowspan="1">10570</td></tr><tr class="passedodd"><td rowspan="5">com.Salesforce.automationscripts.SFLoginAutomationScript</td><td><a href="#m19">TC1ErrormsgEmptyPassword</a></td><td rowspan="1">1708566020764</td><td rowspan="1">2149</td></tr><tr class="passedodd"><td><a href="#m20">TC2HomepageDisplay</a></td><td rowspan="1">1708566025752</td><td rowspan="1">6361</td></tr><tr class="passedodd"><td><a href="#m21">TC3RememberCheckboxUsername</a></td><td rowspan="1">1708566034561</td><td rowspan="1">7756</td></tr><tr class="passedodd"><td><a href="#m22">TC4AForgotPassword</a></td><td rowspan="1">1708566045730</td><td rowspan="1">2044</td></tr><tr class="passedodd"><td><a href="#m23">TC4BErrormsgWrongIdPassword</a></td><td rowspan="1">1708566050646</td><td rowspan="1">1497</td></tr><tr class="passedeven"><td rowspan="5">com.Salesforce.automationscripts.SFOptyAutomationScripts</td><td><a href="#m24">TC15_OpportunityView</a></td><td rowspan="1">1708566348261</td><td rowspan="1">7296</td></tr><tr class="passedeven"><td><a href="#m25">TC16CreateNewOpty</a></td><td rowspan="1">1708566358646</td><td rowspan="1">20205</td></tr><tr class="passedeven"><td><a href="#m26">TC17OpportunityPipelineReport</a></td><td rowspan="1">1708566381632</td><td rowspan="1">8595</td></tr><tr class="passedeven"><td><a href="#m27">TC18StuckOpportunityReport</a></td><td rowspan="1">1708566392277</td><td rowspan="1">8383</td></tr><tr class="passedeven"><td><a href="#m28">TC19QuarterlySummaryReport</a></td><td rowspan="1">1708566402906</td><td rowspan="1">9454</td></tr><tr class="passedodd"><td rowspan="4">com.Salesforce.automationscripts.SFRandomScenarios</td><td><a href="#m29">TC33</a></td><td rowspan="1">1708566415080</td><td rowspan="1">41993</td></tr><tr class="passedodd"><td><a href="#m30">TC34</a></td><td rowspan="1">1708566459872</td><td rowspan="1">21899</td></tr><tr class="passedodd"><td><a href="#m31">TC35</a></td><td rowspan="1">1708566484538</td><td rowspan="1">16639</td></tr><tr class="passedodd"><td><a href="#m32">TC36</a></td><td rowspan="1">1708566503842</td><td rowspan="1">28906</td></tr><tr class="passedeven"><td rowspan="5">com.Salesforce.automationscripts.SFUserMenuDropdown</td><td><a href="#m33">TC05SelectUserMenu</a></td><td rowspan="1">1708566055081</td><td rowspan="1">5735</td></tr><tr class="passedeven"><td><a href="#m34">TC06MyProfile</a></td><td rowspan="1">1708566064349</td><td rowspan="1">18871</td></tr><tr class="passedeven"><td><a href="#m35">TC07MySettings</a></td><td rowspan="1">1708566086458</td><td rowspan="1">15388</td></tr><tr class="passedeven"><td><a href="#m36">TC08DeveloperConsole</a></td><td rowspan="1">1708566104781</td><td rowspan="1">10621</td></tr><tr class="passedeven"><td><a href="#m37">TC09LogOut</a></td><td rowspan="1">1708566117959</td><td rowspan="1">6957</td></tr></tbody>
</table>
<h2>SFTest</h2><h3 id="m0">com.Salesforce.automationscripts.SFAccountAutomationScripts#TC14CreateAccountReport</h3><table class="result"><tr><th>Exception</th></tr><tr><td><div class="stacktrace">org.openqa.selenium.NoSuchElementException: no such element: Unable to locate element: {&quot;method&quot;:&quot;css selector&quot;,&quot;selector&quot;:&quot;#ext\-gen276&quot;}
  (Session info: chrome=122.0.6261.57)
For documentation on this error, please visit: https://www.seleniumhq.org/exceptions/no_such_element.html
Build info: version: &apos;3.141.59&apos;, revision: &apos;e82be7d358&apos;, time: &apos;2018-11-14T08:17:03&apos;
System info: host: &apos;DESKTOP-ROLOOPG&apos;, ip: &apos;192.168.1.3&apos;, os.name: &apos;Windows 11&apos;, os.arch: &apos;amd64&apos;, os.version: &apos;10.0&apos;, java.version: &apos;17.0.9&apos;
Driver info: org.openqa.selenium.chrome.ChromeDriver
Capabilities {acceptInsecureCerts: false, browserName: chrome, browserVersion: 122.0.6261.57, chrome: {chromedriverVersion: 122.0.6261.57 (87957e464700..., userDataDir: C:\Users\ramil\AppData\Loca...}, fedcm:accounts: true, goog:chromeOptions: {debuggerAddress: localhost:61536}, javascriptEnabled: true, networkConnectionEnabled: false, pageLoadStrategy: normal, platform: WINDOWS, platformName: WINDOWS, proxy: Proxy(), setWindowRect: true, strictFileInteractability: false, timeouts: {implicit: 0, pageLoad: 300000, script: 30000}, unhandledPromptBehavior: dismiss and notify, webauthn:extension:credBlob: true, webauthn:extension:largeBlob: true, webauthn:extension:minPinLength: true, webauthn:extension:prf: true, webauthn:virtualAuthenticators: true}
Session ID: bc40933d9ad78be11b90316e2059a2ed
*** Element info: {Using=id, value=ext-gen276}
	at org.openqa.selenium.remote.http.W3CHttpResponseCodec.createException(W3CHttpResponseCodec.java:187)
	at org.openqa.selenium.remote.http.W3CHttpResponseCodec.decode(W3CHttpResponseCodec.java:122)
	at org.openqa.selenium.remote.http.W3CHttpResponseCodec.decode(W3CHttpResponseCodec.java:49)
	at org.openqa.selenium.remote.HttpCommandExecutor.execute(HttpCommandExecutor.java:158)
	at org.openqa.selenium.remote.service.DriverCommandExecutor.execute(DriverCommandExecutor.java:83)
	at org.openqa.selenium.remote.RemoteWebDriver.execute(RemoteWebDriver.java:552)
	at org.openqa.selenium.remote.RemoteWebDriver.findElement(RemoteWebDriver.java:323)
	at org.openqa.selenium.remote.RemoteWebDriver.findElementById(RemoteWebDriver.java:372)
	at org.openqa.selenium.By$ById.findElement(By.java:188)
	at org.openqa.selenium.remote.RemoteWebDriver.findElement(RemoteWebDriver.java:315)
	at com.Salesforce.automationscripts.SFAccountAutomationScripts.TC14CreateAccountReport(SFAccountAutomationScripts.java:514)
	at java.base/java.util.ArrayList.forEach(ArrayList.java:1511)
... Removed 32 stack frames</div></td></tr></table><p class="totop"><a href="#summary">back to summary</a></p>
<h3 id="m1">com.Salesforce.automationscripts.SFContact#TC31CancelButton</h3><table class="result"><tr><th>Exception</th></tr><tr><td><div class="stacktrace">org.openqa.selenium.NoSuchElementException: no such element: Unable to locate element: {&quot;method&quot;:&quot;xpath&quot;,&quot;selector&quot;:&quot;//li[@id=&quot;Contact_Tab&quot;]/a&quot;}
  (Session info: chrome=122.0.6261.57)
For documentation on this error, please visit: https://www.seleniumhq.org/exceptions/no_such_element.html
Build info: version: &apos;3.141.59&apos;, revision: &apos;e82be7d358&apos;, time: &apos;2018-11-14T08:17:03&apos;
System info: host: &apos;DESKTOP-ROLOOPG&apos;, ip: &apos;192.168.1.3&apos;, os.name: &apos;Windows 11&apos;, os.arch: &apos;amd64&apos;, os.version: &apos;10.0&apos;, java.version: &apos;17.0.9&apos;
Driver info: org.openqa.selenium.chrome.ChromeDriver
Capabilities {acceptInsecureCerts: false, browserName: chrome, browserVersion: 122.0.6261.57, chrome: {chromedriverVersion: 122.0.6261.57 (87957e464700..., userDataDir: C:\Users\ramil\AppData\Loca...}, fedcm:accounts: true, goog:chromeOptions: {debuggerAddress: localhost:61904}, javascriptEnabled: true, networkConnectionEnabled: false, pageLoadStrategy: normal, platform: WINDOWS, platformName: WINDOWS, proxy: Proxy(), setWindowRect: true, strictFileInteractability: false, timeouts: {implicit: 0, pageLoad: 300000, script: 30000}, unhandledPromptBehavior: dismiss and notify, webauthn:extension:credBlob: true, webauthn:extension:largeBlob: true, webauthn:extension:minPinLength: true, webauthn:extension:prf: true, webauthn:virtualAuthenticators: true}
Session ID: 0e89bc788163d7eb50b38894aa08ad63
*** Element info: {Using=xpath, value=//li[@id=&quot;Contact_Tab&quot;]/a}
	at org.openqa.selenium.remote.http.W3CHttpResponseCodec.createException(W3CHttpResponseCodec.java:187)
	at org.openqa.selenium.remote.http.W3CHttpResponseCodec.decode(W3CHttpResponseCodec.java:122)
	at org.openqa.selenium.remote.http.W3CHttpResponseCodec.decode(W3CHttpResponseCodec.java:49)
	at org.openqa.selenium.remote.HttpCommandExecutor.execute(HttpCommandExecutor.java:158)
	at org.openqa.selenium.remote.service.DriverCommandExecutor.execute(DriverCommandExecutor.java:83)
	at org.openqa.selenium.remote.RemoteWebDriver.execute(RemoteWebDriver.java:552)
	at org.openqa.selenium.remote.RemoteWebDriver.findElement(RemoteWebDriver.java:323)
	at org.openqa.selenium.remote.RemoteWebDriver.findElementByXPath(RemoteWebDriver.java:428)
	at org.openqa.selenium.By$ByXPath.findElement(By.java:353)
	at org.openqa.selenium.remote.RemoteWebDriver.findElement(RemoteWebDriver.java:315)
	at com.Salesforce.automationscripts.SFContact.TC31CancelButton(SFContact.java:207)
	at java.base/java.util.ArrayList.forEach(ArrayList.java:1511)
... Removed 32 stack frames</div></td></tr></table><p class="totop"><a href="#summary">back to summary</a></p>
<h3 id="m2">com.Salesforce.automationscripts.SFLeadsAutomationScripts#TC22defaultView</h3><table class="result"><tr><th>Exception</th></tr><tr><td><div class="stacktrace">org.openqa.selenium.NoSuchElementException: no such element: Unable to locate element: {&quot;method&quot;:&quot;partial link text&quot;,&quot;selector&quot;:&quot;Leads&quot;}
  (Session info: chrome=122.0.6261.57)
For documentation on this error, please visit: https://www.seleniumhq.org/exceptions/no_such_element.html
Build info: version: &apos;3.141.59&apos;, revision: &apos;e82be7d358&apos;, time: &apos;2018-11-14T08:17:03&apos;
System info: host: &apos;DESKTOP-ROLOOPG&apos;, ip: &apos;192.168.1.3&apos;, os.name: &apos;Windows 11&apos;, os.arch: &apos;amd64&apos;, os.version: &apos;10.0&apos;, java.version: &apos;17.0.9&apos;
Driver info: org.openqa.selenium.chrome.ChromeDriver
Capabilities {acceptInsecureCerts: false, browserName: chrome, browserVersion: 122.0.6261.57, chrome: {chromedriverVersion: 122.0.6261.57 (87957e464700..., userDataDir: C:\Users\ramil\AppData\Loca...}, fedcm:accounts: true, goog:chromeOptions: {debuggerAddress: localhost:62146}, javascriptEnabled: true, networkConnectionEnabled: false, pageLoadStrategy: normal, platform: WINDOWS, platformName: WINDOWS, proxy: Proxy(), setWindowRect: true, strictFileInteractability: false, timeouts: {implicit: 0, pageLoad: 300000, script: 30000}, unhandledPromptBehavior: dismiss and notify, webauthn:extension:credBlob: true, webauthn:extension:largeBlob: true, webauthn:extension:minPinLength: true, webauthn:extension:prf: true, webauthn:virtualAuthenticators: true}
Session ID: 38c564519397b928ecedde95d3ea1a68
*** Element info: {Using=partial link text, value=Leads}
	at org.openqa.selenium.remote.http.W3CHttpResponseCodec.createException(W3CHttpResponseCodec.java:187)
	at org.openqa.selenium.remote.http.W3CHttpResponseCodec.decode(W3CHttpResponseCodec.java:122)
	at org.openqa.selenium.remote.http.W3CHttpResponseCodec.decode(W3CHttpResponseCodec.java:49)
	at org.openqa.selenium.remote.HttpCommandExecutor.execute(HttpCommandExecutor.java:158)
	at org.openqa.selenium.remote.service.DriverCommandExecutor.execute(DriverCommandExecutor.java:83)
	at org.openqa.selenium.remote.RemoteWebDriver.execute(RemoteWebDriver.java:552)
	at org.openqa.selenium.remote.RemoteWebDriver.findElement(RemoteWebDriver.java:323)
	at org.openqa.selenium.remote.RemoteWebDriver.findElementByPartialLinkText(RemoteWebDriver.java:388)
	at org.openqa.selenium.By$ByPartialLinkText.findElement(By.java:250)
	at org.openqa.selenium.remote.RemoteWebDriver.findElement(RemoteWebDriver.java:315)
	at com.Salesforce.automationscripts.SFLeadsAutomationScripts.TC22defaultView(SFLeadsAutomationScripts.java:73)
	at java.base/java.util.ArrayList.forEach(ArrayList.java:1511)
... Removed 32 stack frames</div></td></tr></table><p class="totop"><a href="#summary">back to summary</a></p>
<h3 id="m3">com.Salesforce.automationscripts.SFRandomScenarios#TC37</h3><table class="result"><tr><th>Exception</th></tr><tr><td><div class="stacktrace">org.openqa.selenium.NoSuchElementException: no such element: Unable to locate element: {&quot;method&quot;:&quot;xpath&quot;,&quot;selector&quot;:&quot;//table[@class=&apos;calDays&apos;]/tbody/tr/td[text()=&apos;06&apos;]&quot;}
  (Session info: chrome=122.0.6261.57)
For documentation on this error, please visit: https://www.seleniumhq.org/exceptions/no_such_element.html
Build info: version: &apos;3.141.59&apos;, revision: &apos;e82be7d358&apos;, time: &apos;2018-11-14T08:17:03&apos;
System info: host: &apos;DESKTOP-ROLOOPG&apos;, ip: &apos;192.168.1.3&apos;, os.name: &apos;Windows 11&apos;, os.arch: &apos;amd64&apos;, os.version: &apos;10.0&apos;, java.version: &apos;17.0.9&apos;
Driver info: org.openqa.selenium.chrome.ChromeDriver
Capabilities {acceptInsecureCerts: false, browserName: chrome, browserVersion: 122.0.6261.57, chrome: {chromedriverVersion: 122.0.6261.57 (87957e464700..., userDataDir: C:\Users\ramil\AppData\Loca...}, fedcm:accounts: true, goog:chromeOptions: {debuggerAddress: localhost:62912}, javascriptEnabled: true, networkConnectionEnabled: false, pageLoadStrategy: normal, platform: WINDOWS, platformName: WINDOWS, proxy: Proxy(), setWindowRect: true, strictFileInteractability: false, timeouts: {implicit: 0, pageLoad: 300000, script: 30000}, unhandledPromptBehavior: dismiss and notify, webauthn:extension:credBlob: true, webauthn:extension:largeBlob: true, webauthn:extension:minPinLength: true, webauthn:extension:prf: true, webauthn:virtualAuthenticators: true}
Session ID: a680e27f741a1e03a72c8d5c130701f2
*** Element info: {Using=xpath, value=//table[@class=&apos;calDays&apos;]/tbody/tr/td[text()=&apos;06&apos;]}
	at org.openqa.selenium.remote.http.W3CHttpResponseCodec.createException(W3CHttpResponseCodec.java:187)
	at org.openqa.selenium.remote.http.W3CHttpResponseCodec.decode(W3CHttpResponseCodec.java:122)
	at org.openqa.selenium.remote.http.W3CHttpResponseCodec.decode(W3CHttpResponseCodec.java:49)
	at org.openqa.selenium.remote.HttpCommandExecutor.execute(HttpCommandExecutor.java:158)
	at org.openqa.selenium.remote.service.DriverCommandExecutor.execute(DriverCommandExecutor.java:83)
	at org.openqa.selenium.remote.RemoteWebDriver.execute(RemoteWebDriver.java:552)
	at org.openqa.selenium.remote.RemoteWebDriver.findElement(RemoteWebDriver.java:323)
	at org.openqa.selenium.remote.RemoteWebDriver.findElementByXPath(RemoteWebDriver.java:428)
	at org.openqa.selenium.By$ByXPath.findElement(By.java:353)
	at org.openqa.selenium.remote.RemoteWebDriver.findElement(RemoteWebDriver.java:315)
	at com.Salesforce.automationscripts.SFRandomScenarios.TC37(SFRandomScenarios.java:672)
	at java.base/java.util.ArrayList.forEach(ArrayList.java:1511)
... Removed 32 stack frames</div></td></tr></table><p class="totop"><a href="#summary">back to summary</a></p>
<h3 id="m4">com.Salesforce.automationscripts.SFAccountAutomationScripts#TC10CreateAccount</h3><table class="result"><tr><th class="invisible"/></tr></table><p class="totop"><a href="#summary">back to summary</a></p>
<h3 id="m5">com.Salesforce.automationscripts.SFAccountAutomationScripts#TC10CreateAccountTab</h3><table class="result"><tr><th class="invisible"/></tr></table><p class="totop"><a href="#summary">back to summary</a></p>
<h3 id="m6">com.Salesforce.automationscripts.SFAccountAutomationScripts#TC11Createnewview</h3><table class="result"><tr><th class="invisible"/></tr></table><p class="totop"><a href="#summary">back to summary</a></p>
<h3 id="m7">com.Salesforce.automationscripts.SFAccountAutomationScripts#TC12Editview</h3><table class="result"><tr><th class="invisible"/></tr></table><p class="totop"><a href="#summary">back to summary</a></p>
<h3 id="m8">com.Salesforce.automationscripts.SFAccountAutomationScripts#TC13MergeAccounts</h3><table class="result"><tr><th class="invisible"/></tr></table><p class="totop"><a href="#summary">back to summary</a></p>
<h3 id="m9">com.Salesforce.automationscripts.SFContact#TC25CreateNewContact</h3><table class="result"><tr><th class="invisible"/></tr></table><p class="totop"><a href="#summary">back to summary</a></p>
<h3 id="m10">com.Salesforce.automationscripts.SFContact#TC26CreateNewView</h3><table class="result"><tr><th class="invisible"/></tr></table><p class="totop"><a href="#summary">back to summary</a></p>
<h3 id="m11">com.Salesforce.automationscripts.SFContact#TC28MyContacts</h3><table class="result"><tr><th class="invisible"/></tr></table><p class="totop"><a href="#summary">back to summary</a></p>
<h3 id="m12">com.Salesforce.automationscripts.SFContact#TC29ViewContactPage</h3><table class="result"><tr><th class="invisible"/></tr></table><p class="totop"><a href="#summary">back to summary</a></p>
<h3 id="m13">com.Salesforce.automationscripts.SFContact#TC30Errormsg</h3><table class="result"><tr><th class="invisible"/></tr></table><p class="totop"><a href="#summary">back to summary</a></p>
<h3 id="m14">com.Salesforce.automationscripts.SFContact#TC32SaveNewButton</h3><table class="result"><tr><th class="invisible"/></tr></table><p class="totop"><a href="#summary">back to summary</a></p>
<h3 id="m15">com.Salesforce.automationscripts.SFLeadsAutomationScripts#TC20leadsTab</h3><table class="result"><tr><th class="invisible"/></tr></table><p class="totop"><a href="#summary">back to summary</a></p>
<h3 id="m16">com.Salesforce.automationscripts.SFLeadsAutomationScripts#TC21leadsSelectView</h3><table class="result"><tr><th class="invisible"/></tr></table><p class="totop"><a href="#summary">back to summary</a></p>
<h3 id="m17">com.Salesforce.automationscripts.SFLeadsAutomationScripts#TC23Leadviewcheck</h3><table class="result"><tr><th class="invisible"/></tr></table><p class="totop"><a href="#summary">back to summary</a></p>
<h3 id="m18">com.Salesforce.automationscripts.SFLeadsAutomationScripts#TC24LeadNewButton</h3><table class="result"><tr><th class="invisible"/></tr></table><p class="totop"><a href="#summary">back to summary</a></p>
<h3 id="m19">com.Salesforce.automationscripts.SFLoginAutomationScript#TC1ErrormsgEmptyPassword</h3><table class="result"><tr><th class="invisible"/></tr></table><p class="totop"><a href="#summary">back to summary</a></p>
<h3 id="m20">com.Salesforce.automationscripts.SFLoginAutomationScript#TC2HomepageDisplay</h3><table class="result"><tr><th class="invisible"/></tr></table><p class="totop"><a href="#summary">back to summary</a></p>
<h3 id="m21">com.Salesforce.automationscripts.SFLoginAutomationScript#TC3RememberCheckboxUsername</h3><table class="result"><tr><th class="invisible"/></tr></table><p class="totop"><a href="#summary">back to summary</a></p>
<h3 id="m22">com.Salesforce.automationscripts.SFLoginAutomationScript#TC4AForgotPassword</h3><table class="result"><tr><th class="invisible"/></tr></table><p class="totop"><a href="#summary">back to summary</a></p>
<h3 id="m23">com.Salesforce.automationscripts.SFLoginAutomationScript#TC4BErrormsgWrongIdPassword</h3><table class="result"><tr><th class="invisible"/></tr></table><p class="totop"><a href="#summary">back to summary</a></p>
<h3 id="m24">com.Salesforce.automationscripts.SFOptyAutomationScripts#TC15_OpportunityView</h3><table class="result"><tr><th class="invisible"/></tr></table><p class="totop"><a href="#summary">back to summary</a></p>
<h3 id="m25">com.Salesforce.automationscripts.SFOptyAutomationScripts#TC16CreateNewOpty</h3><table class="result"><tr><th class="invisible"/></tr></table><p class="totop"><a href="#summary">back to summary</a></p>
<h3 id="m26">com.Salesforce.automationscripts.SFOptyAutomationScripts#TC17OpportunityPipelineReport</h3><table class="result"><tr><th class="invisible"/></tr></table><p class="totop"><a href="#summary">back to summary</a></p>
<h3 id="m27">com.Salesforce.automationscripts.SFOptyAutomationScripts#TC18StuckOpportunityReport</h3><table class="result"><tr><th class="invisible"/></tr></table><p class="totop"><a href="#summary">back to summary</a></p>
<h3 id="m28">com.Salesforce.automationscripts.SFOptyAutomationScripts#TC19QuarterlySummaryReport</h3><table class="result"><tr><th class="invisible"/></tr></table><p class="totop"><a href="#summary">back to summary</a></p>
<h3 id="m29">com.Salesforce.automationscripts.SFRandomScenarios#TC33</h3><table class="result"><tr><th class="invisible"/></tr></table><p class="totop"><a href="#summary">back to summary</a></p>
<h3 id="m30">com.Salesforce.automationscripts.SFRandomScenarios#TC34</h3><table class="result"><tr><th class="invisible"/></tr></table><p class="totop"><a href="#summary">back to summary</a></p>
<h3 id="m31">com.Salesforce.automationscripts.SFRandomScenarios#TC35</h3><table class="result"><tr><th class="invisible"/></tr></table><p class="totop"><a href="#summary">back to summary</a></p>
<h3 id="m32">com.Salesforce.automationscripts.SFRandomScenarios#TC36</h3><table class="result"><tr><th class="invisible"/></tr></table><p class="totop"><a href="#summary">back to summary</a></p>
<h3 id="m33">com.Salesforce.automationscripts.SFUserMenuDropdown#TC05SelectUserMenu</h3><table class="result"><tr><th class="invisible"/></tr></table><p class="totop"><a href="#summary">back to summary</a></p>
<h3 id="m34">com.Salesforce.automationscripts.SFUserMenuDropdown#TC06MyProfile</h3><table class="result"><tr><th class="invisible"/></tr></table><p class="totop"><a href="#summary">back to summary</a></p>
<h3 id="m35">com.Salesforce.automationscripts.SFUserMenuDropdown#TC07MySettings</h3><table class="result"><tr><th class="invisible"/></tr></table><p class="totop"><a href="#summary">back to summary</a></p>
<h3 id="m36">com.Salesforce.automationscripts.SFUserMenuDropdown#TC08DeveloperConsole</h3><table class="result"><tr><th class="invisible"/></tr></table><p class="totop"><a href="#summary">back to summary</a></p>
<h3 id="m37">com.Salesforce.automationscripts.SFUserMenuDropdown#TC09LogOut</h3><table class="result"><tr><th class="invisible"/></tr></table><p class="totop"><a href="#summary">back to summary</a></p>
</body>
</html>
